taiwana, 35275, Fri Aug 23 07:13:54 2019
DIFFICULTY 2 AVATARS 10 MAZEWIDTH 12 MAZEHEIGHT 10
MOVE 0 POS 3 0 7 6 6 8 7 6 6 0 2 8 4 1 5 3 7 3 2 9
CRUMB 3 0
CRUMB 7 6
CRUMB 6 8
CRUMB 6 0
CRUMB 2 8
CRUMB 4 1
CRUMB 5 3
CRUMB 7 3
CRUMB 2 9
MOVE 1 POS 2 0 7 6 6 8 7 6 6 0 2 8 4 1 5 3 7 3 2 9
CRUMB 2 0
MOVE 2 POS 2 0 7 6 6 8 7 6 6 0 2 8 4 1 5 3 7 3 2 9
WALL FOUND 7 6 8
WALL FOUND 6 6 2
MOVE 3 POS 2 0 7 6 5 8 7 6 6 0 2 8 4 1 5 3 7 3 2 9
CRUMB 5 8
MOVE 4 POS 2 0 7 6 5 8 7 5 6 0 2 8 4 1 5 3 7 3 2 9
CRUMB 7 5
MOVE 5 POS 2 0 7 6 5 8 7 5 6 1 2 8 4 1 5 3 7 3 2 9
CRUMB 6 1
MOVE 6 POS 2 0 7 6 5 8 7 5 6 1 2 7 4 1 5 3 7 3 2 9
CRUMB 2 7
MOVE 7 POS 2 0 7 6 5 8 7 5 6 1 2 7 4 1 5 3 7 3 2 9
WALL FOUND 4 1 8
WALL FOUND 3 1 2
MOVE 8 POS 2 0 7 6 5 8 7 5 6 1 2 7 4 1 5 3 7 3 2 9
WALL FOUND 5 3 8
WALL FOUND 4 3 2
MOVE 9 POS 2 0 7 6 5 8 7 5 6 1 2 7 4 1 5 3 7 3 2 9
WALL FOUND 7 3 8
WALL FOUND 6 3 2
MOVE 10 POS 2 0 7 6 5 8 7 5 6 1 2 7 4 1 5 3 7 3 2 9
WALL FOUND 2 9 6
WALL FOUND 3 9 12
MOVE 11 POS 1 0 7 6 5 8 7 5 6 1 2 7 4 1 5 3 7 3 2 9
CRUMB 1 0
MOVE 12 POS 1 0 7 7 5 8 7 5 6 1 2 7 4 1 5 3 7 3 2 9
CRUMB 7 7
MOVE 13 POS 1 0 7 7 4 8 7 5 6 1 2 7 4 1 5 3 7 3 2 9
CRUMB 4 8
MOVE 14 POS 1 0 7 7 4 8 7 5 6 1 2 7 4 1 5 3 7 3 2 9
WALL FOUND 7 5 8
WALL FOUND 6 5 2
MOVE 15 POS 1 0 7 7 4 8 7 5 6 1 2 7 4 1 5 3 7 3 2 9
WALL FOUND 6 1 8
WALL FOUND 5 1 2
MOVE 16 POS 1 0 7 7 4 8 7 5 6 1 1 7 4 1 5 3 7 3 2 9
CRUMB 1 7
MOVE 17 POS 1 0 7 7 4 8 7 5 6 1 1 7 4 0 5 3 7 3 2 9
CRUMB 4 0
MOVE 18 POS 1 0 7 7 4 8 7 5 6 1 1 7 4 0 5 3 7 3 2 9
WALL FOUND 5 3 9
WALL FOUND 5 2 4
MOVE 19 POS 1 0 7 7 4 8 7 5 6 1 1 7 4 0 5 3 7 3 2 9
WALL FOUND 7 3 9
WALL FOUND 7 2 4
MOVE 20 POS 1 0 7 7 4 8 7 5 6 1 1 7 4 0 5 3 7 3 1 9
CRUMB 1 9
MOVE 21 POS 0 0 7 7 4 8 7 5 6 1 1 7 4 0 5 3 7 3 1 9
CRUMB 0 0
MOVE 22 POS 0 0 6 7 4 8 7 5 6 1 1 7 4 0 5 3 7 3 1 9
CRUMB 6 7
MOVE 23 POS 0 0 6 7 4 8 7 5 6 1 1 7 4 0 5 3 7 3 1 9
WALL FOUND 4 8 8
WALL FOUND 3 8 2
MOVE 24 POS 0 0 6 7 4 8 7 5 6 1 1 7 4 0 5 3 7 3 1 9
WALL FOUND 7 5 9
WALL FOUND 7 4 4
MOVE 25 POS 0 0 6 7 4 8 7 5 6 2 1 7 4 0 5 3 7 3 1 9
CRUMB 6 2
MOVE 26 POS 0 0 6 7 4 8 7 5 6 2 0 7 4 0 5 3 7 3 1 9
CRUMB 0 7
MOVE 27 POS 0 0 6 7 4 8 7 5 6 2 0 7 4 0 5 3 7 3 1 9
WALL FOUND 4 0 3
WALL FOUND 5 0 9
MOVE 28 POS 0 0 6 7 4 8 7 5 6 2 0 7 4 0 5 4 7 3 1 9
CRUMB 5 4
MOVE 29 POS 0 0 6 7 4 8 7 5 6 2 0 7 4 0 5 4 7 4 1 9
CRUMB 7 4
MOVE 30 POS 0 0 6 7 4 8 7 5 6 2 0 7 4 0 5 4 7 4 0 9
CRUMB 0 9
MOVE 31 POS 0 0 6 7 4 8 7 5 6 2 0 7 4 0 5 4 7 4 0 9
WALL FOUND 0 0 13
WALL FOUND 0 1 9
MOVE 32 POS 0 0 6 7 4 8 7 5 6 2 0 7 4 0 5 4 7 4 0 9
WALL FOUND 6 7 8
WALL FOUND 5 7 2
MOVE 33 POS 0 0 6 7 4 7 7 5 6 2 0 7 4 0 5 4 7 4 0 9
CRUMB 4 7
MOVE 34 POS 0 0 6 7 4 7 8 5 6 2 0 7 4 0 5 4 7 4 0 9
CRUMB 8 5
MOVE 35 POS 0 0 6 7 4 7 8 5 5 2 0 7 4 0 5 4 7 4 0 9
CRUMB 5 2
MOVE 36 POS 0 0 6 7 4 7 8 5 5 2 0 6 4 0 5 4 7 4 0 9
CRUMB 0 6
MOVE 37 POS 0 0 6 7 4 7 8 5 5 2 0 6 3 0 5 4 7 4 0 9
MOVE 38 POS 0 0 6 7 4 7 8 5 5 2 0 6 3 0 4 4 7 4 0 9
CRUMB 4 4
MOVE 39 POS 0 0 6 7 4 7 8 5 5 2 0 6 3 0 4 4 7 4 0 9
WALL FOUND 7 4 12
WALL FOUND 6 4 2
MOVE 40 POS 0 0 6 7 4 7 8 5 5 2 0 6 3 0 4 4 7 4 0 8
CRUMB 0 8
WALL ADDED 0 0 15
WALL ADDED 1 0 9
MOVE 41 POS 1 0 6 7 4 7 8 5 5 2 0 6 3 0 4 4 7 4 0 8
MOVE 42 POS 1 0 6 7 4 7 8 5 5 2 0 6 3 0 4 4 7 4 0 8
WALL FOUND 6 7 9
WALL FOUND 6 6 6
MOVE 43 POS 1 0 6 7 4 7 8 5 5 2 0 6 3 0 4 4 7 4 0 8
WALL FOUND 4 7 8
WALL FOUND 3 7 2
MOVE 44 POS 1 0 6 7 4 7 8 5 5 2 0 6 3 0 4 4 7 4 0 8
WALL FOUND 8 5 1
WALL FOUND 8 4 4
MOVE 45 POS 1 0 6 7 4 7 8 5 4 2 0 6 3 0 4 4 7 4 0 8
CRUMB 4 2
MOVE 46 POS 1 0 6 7 4 7 8 5 4 2 0 5 3 0 4 4 7 4 0 8
CRUMB 0 5
MOVE 47 POS 1 0 6 7 4 7 8 5 4 2 0 5 3 0 4 4 7 4 0 8
WALL FOUND 3 0 5
WALL FOUND 3 1 3
MOVE 48 POS 1 0 6 7 4 7 8 5 4 2 0 5 3 0 4 4 7 4 0 8
WALL FOUND 4 4 8
WALL FOUND 3 4 2
MOVE 49 POS 1 0 6 7 4 7 8 5 4 2 0 5 3 0 4 4 8 4 0 8
CRUMB 8 4
MOVE 50 POS 1 0 6 7 4 7 8 5 4 2 0 5 3 0 4 4 8 4 0 8
WALL FOUND 0 8 10
WALL FOUND 1 8 8
MOVE 51 POS 1 1 6 7 4 7 8 5 4 2 0 5 3 0 4 4 8 4 0 8
CRUMB 1 1
MOVE 52 POS 1 1 6 8 4 7 8 5 4 2 0 5 3 0 4 4 8 4 0 8
MOVE 53 POS 1 1 6 8 4 6 8 5 4 2 0 5 3 0 4 4 8 4 0 8
CRUMB 4 6
MOVE 54 POS 1 1 6 8 4 6 8 5 4 2 0 5 3 0 4 4 8 4 0 8
WALL FOUND 8 5 5
WALL FOUND 8 6 1
MOVE 55 POS 1 1 6 8 4 6 8 5 3 2 0 5 3 0 4 4 8 4 0 8
CRUMB 3 2
MOVE 56 POS 1 1 6 8 4 6 8 5 3 2 0 5 3 0 4 4 8 4 0 8
WALL FOUND 0 5 9
WALL FOUND 0 4 12
MOVE 57 POS 1 1 6 8 4 6 8 5 3 2 0 5 2 0 4 4 8 4 0 8
MOVE 58 POS 1 1 6 8 4 6 8 5 3 2 0 5 2 0 4 3 8 4 0 8
CRUMB 4 3
MOVE 59 POS 1 1 6 8 4 6 8 5 3 2 0 5 2 0 4 3 8 4 0 8
WALL FOUND 8 4 5
WALL FOUND 8 3 4
MOVE 60 POS 1 1 6 8 4 6 8 5 3 2 0 5 2 0 4 3 8 4 0 8
WALL FOUND 0 8 11
WALL FOUND 0 7 12
MOVE 61 POS 0 1 6 8 4 6 8 5 3 2 0 5 2 0 4 3 8 4 0 8
CRUMB 0 1
MOVE 62 POS 0 1 6 8 4 6 8 5 3 2 0 5 2 0 4 3 8 4 0 8
WALL FOUND 6 8 4
WALL FOUND 6 9 5
MOVE 63 POS 0 1 6 8 3 6 8 5 3 2 0 5 2 0 4 3 8 4 0 8
CRUMB 3 6
MOVE 64 POS 0 1 6 8 3 6 9 5 3 2 0 5 2 0 4 3 8 4 0 8
CRUMB 9 5
MOVE 65 POS 0 1 6 8 3 6 9 5 3 2 0 5 2 0 4 3 8 4 0 8
WALL FOUND 3 2 8
WALL FOUND 2 2 2
MOVE 66 POS 0 1 6 8 3 6 9 5 3 2 1 5 2 0 4 3 8 4 0 8
CRUMB 1 5
MOVE 67 POS 0 1 6 8 3 6 9 5 3 2 1 5 2 0 4 3 8 4 0 8
WALL FOUND 2 0 5
WALL FOUND 2 1 1
MOVE 68 POS 0 1 6 8 3 6 9 5 3 2 1 5 2 0 3 3 8 4 0 8
CRUMB 3 3
MOVE 69 POS 0 1 6 8 3 6 9 5 3 2 1 5 2 0 3 3 9 4 0 8
CRUMB 9 4
WALL ADDED 0 8 15
WALL ADDED 0 9 13
MOVE 70 POS 0 1 6 8 3 6 9 5 3 2 1 5 2 0 3 3 9 4 0 9
MOVE 71 POS 0 2 6 8 3 6 9 5 3 2 1 5 2 0 3 3 9 4 0 9
CRUMB 0 2
MOVE 72 POS 0 2 6 8 3 6 9 5 3 2 1 5 2 0 3 3 9 4 0 9
WALL FOUND 6 8 6
WALL FOUND 7 8 8
MOVE 73 POS 0 2 6 8 3 6 9 5 3 2 1 5 2 0 3 3 9 4 0 9
WALL FOUND 3 6 8
WALL FOUND 2 6 2
MOVE 74 POS 0 2 6 8 3 6 9 6 3 2 1 5 2 0 3 3 9 4 0 9
CRUMB 9 6
MOVE 75 POS 0 2 6 8 3 6 9 6 3 1 1 5 2 0 3 3 9 4 0 9
CRUMB 3 1
MOVE 76 POS 0 2 6 8 3 6 9 6 3 1 1 5 2 0 3 3 9 4 0 9
WALL FOUND 1 5 1
WALL FOUND 1 4 4
MOVE 77 POS 0 2 6 8 3 6 9 6 3 1 1 5 1 0 3 3 9 4 0 9
MOVE 78 POS 0 2 6 8 3 6 9 6 3 1 1 5 1 0 3 3 9 4 0 9
WALL FOUND 3 3 8
WALL FOUND 2 3 2
MOVE 79 POS 0 2 6 8 3 6 9 6 3 1 1 5 1 0 3 3 9 4 0 9
WALL FOUND 9 4 1
WALL FOUND 9 3 4
WALL ADDED 0 9 15
WALL ADDED 1 9 12
MOVE 80 POS 0 2 6 8 3 6 9 6 3 1 1 5 1 0 3 3 9 4 1 9
MOVE 81 POS 0 3 6 8 3 6 9 6 3 1 1 5 1 0 3 3 9 4 1 9
CRUMB 0 3
MOVE 82 POS 0 3 5 8 3 6 9 6 3 1 1 5 1 0 3 3 9 4 1 9
MOVE 83 POS 0 3 5 8 3 6 9 6 3 1 1 5 1 0 3 3 9 4 1 9
WALL FOUND 3 6 9
WALL FOUND 3 5 4
MOVE 84 POS 0 3 5 8 3 6 8 6 3 1 1 5 1 0 3 3 9 4 1 9
CRUMB 8 6
MOVE 85 POS 0 3 5 8 3 6 8 6 2 1 1 5 1 0 3 3 9 4 1 9
CRUMB 2 1
MOVE 86 POS 0 3 5 8 3 6 8 6 2 1 1 5 1 0 3 3 9 4 1 9
WALL FOUND 1 5 5
WALL FOUND 1 6 1
MOVE 87 POS 0 3 5 8 3 6 8 6 2 1 1 5 1 1 3 3 9 4 1 9
MOVE 88 POS 0 3 5 8 3 6 8 6 2 1 1 5 1 1 3 4 9 4 1 9
CRUMB 3 4
MOVE 89 POS 0 3 5 8 3 6 8 6 2 1 1 5 1 1 3 4 10 4 1 9
CRUMB 10 4
MOVE 90 POS 0 3 5 8 3 6 8 6 2 1 1 5 1 1 3 4 10 4 1 8
CRUMB 1 8
MOVE 91 POS 0 4 5 8 3 6 8 6 2 1 1 5 1 1 3 4 10 4 1 8
CRUMB 0 4
MOVE 92 POS 0 4 5 8 3 6 8 6 2 1 1 5 1 1 3 4 10 4 1 8
WALL FOUND 5 8 4
WALL FOUND 5 9 5
MOVE 93 POS 0 4 5 8 3 7 8 6 2 1 1 5 1 1 3 4 10 4 1 8
CRUMB 3 7
MOVE 94 POS 0 4 5 8 3 7 8 7 2 1 1 5 1 1 3 4 10 4 1 8
CRUMB 8 7
MOVE 95 POS 0 4 5 8 3 7 8 7 2 2 1 5 1 1 3 4 10 4 1 8
CRUMB 2 2
MOVE 96 POS 0 4 5 8 3 7 8 7 2 2 1 5 1 1 3 4 10 4 1 8
WALL FOUND 1 5 7
WALL FOUND 2 5 8
MOVE 97 POS 0 4 5 8 3 7 8 7 2 2 1 5 1 1 3 4 10 4 1 8
WALL FOUND 1 1 4
WALL FOUND 1 2 1
MOVE 98 POS 0 4 5 8 3 7 8 7 2 2 1 5 1 1 2 4 10 4 1 8
CRUMB 2 4
MOVE 99 POS 0 4 5 8 3 7 8 7 2 2 1 5 1 1 2 4 10 4 1 8
WALL FOUND 10 4 1
WALL FOUND 10 3 4
MOVE 100 POS 0 4 5 8 3 7 8 7 2 2 1 5 1 1 2 4 10 4 2 8
MOVE 101 POS 1 4 5 8 3 7 8 7 2 2 1 5 1 1 2 4 10 4 2 8
CRUMB 1 4
MOVE 102 POS 1 4 5 8 3 7 8 7 2 2 1 5 1 1 2 4 10 4 2 8
WALL FOUND 5 8 5
WALL FOUND 5 7 6
MOVE 103 POS 1 4 5 8 3 8 8 7 2 2 1 5 1 1 2 4 10 4 2 8
CRUMB 3 8
MOVE 104 POS 1 4 5 8 3 8 8 8 2 2 1 5 1 1 2 4 10 4 2 8
CRUMB 8 8
MOVE 105 POS 1 4 5 8 3 8 8 8 1 2 1 5 1 1 2 4 10 4 2 8
CRUMB 1 2
WALL ADDED 1 5 15
WALL ADDED 0 5 11
MOVE 106 POS 1 4 5 8 3 8 8 8 1 2 0 5 1 1 2 4 10 4 2 8
MOVE 107 POS 1 4 5 8 3 8 8 8 1 2 0 5 0 1 2 4 10 4 2 8
MOVE 108 POS 1 4 5 8 3 8 8 8 1 2 0 5 0 1 2 3 10 4 2 8
CRUMB 2 3
MOVE 109 POS 1 4 5 8 3 8 8 8 1 2 0 5 0 1 2 3 10 5 2 8
CRUMB 10 5
MOVE 110 POS 1 4 5 8 3 8 8 8 1 2 0 5 0 1 2 3 10 5 2 8
WALL FOUND 2 8 4
WALL FOUND 2 9 7
MOVE 111 POS 1 3 5 8 3 8 8 8 1 2 0 5 0 1 2 3 10 5 2 8
CRUMB 1 3
MOVE 112 POS 1 3 4 8 3 8 8 8 1 2 0 5 0 1 2 3 10 5 2 8
MOVE 113 POS 1 3 4 8 3 9 8 8 1 2 0 5 0 1 2 3 10 5 2 8
CRUMB 3 9
MOVE 114 POS 1 3 4 8 3 9 8 8 1 2 0 5 0 1 2 3 10 5 2 8
WALL FOUND 8 8 8
WALL FOUND 7 8 10
MOVE 115 POS 1 3 4 8 3 9 8 8 0 2 0 5 0 1 2 3 10 5 2 8
WALL ADDED 0 5 15
WALL ADDED 0 6 9
MOVE 116 POS 1 3 4 8 3 9 8 8 0 2 0 6 0 1 2 3 10 5 2 8
MOVE 117 POS 1 3 4 8 3 9 8 8 0 2 0 6 0 2 2 3 10 5 2 8
MOVE 118 POS 1 3 4 8 3 9 8 8 0 2 0 6 0 2 2 3 10 5 2 8
WALL FOUND 2 3 3
WALL FOUND 2 2 6
MOVE 119 POS 1 3 4 8 3 9 8 8 0 2 0 6 0 2 2 3 10 6 2 8
CRUMB 10 6
MOVE 120 POS 1 3 4 8 3 9 8 8 0 2 0 6 0 2 2 3 10 6 2 8
WALL FOUND 2 8 6
WALL FOUND 3 8 10
MOVE 121 POS 2 3 4 8 3 9 8 8 0 2 0 6 0 2 2 3 10 6 2 8
MOVE 122 POS 2 3 4 8 3 9 8 8 0 2 0 6 0 2 2 3 10 6 2 8
WALL FOUND 4 8 12
WALL FOUND 4 9 5
MOVE 123 POS 2 3 4 8 4 9 8 8 0 2 0 6 0 2 2 3 10 6 2 8
CRUMB 4 9
MOVE 124 POS 2 3 4 8 4 9 8 8 0 2 0 6 0 2 2 3 10 6 2 8
WALL FOUND 8 8 12
WALL FOUND 8 9 5
MOVE 125 POS 2 3 4 8 4 9 8 8 0 1 0 6 0 2 2 3 10 6 2 8
MOVE 126 POS 2 3 4 8 4 9 8 8 0 1 1 6 0 2 2 3 10 6 2 8
CRUMB 1 6
MOVE 127 POS 2 3 4 8 4 9 8 8 0 1 1 6 0 3 2 3 10 6 2 8
MOVE 128 POS 2 3 4 8 4 9 8 8 0 1 1 6 0 3 1 3 10 6 2 8
MOVE 129 POS 2 3 4 8 4 9 8 8 0 1 1 6 0 3 1 3 10 7 2 8
CRUMB 10 7
MOVE 130 POS 2 3 4 8 4 9 8 8 0 1 1 6 0 3 1 3 10 7 2 7
MOVE 131 POS 2 4 4 8 4 9 8 8 0 1 1 6 0 3 1 3 10 7 2 7
MOVE 132 POS 2 4 4 7 4 9 8 8 0 1 1 6 0 3 1 3 10 7 2 7
MOVE 133 POS 2 4 4 7 5 9 8 8 0 1 1 6 0 3 1 3 10 7 2 7
CRUMB 5 9
MOVE 134 POS 2 4 4 7 5 9 9 8 0 1 1 6 0 3 1 3 10 7 2 7
CRUMB 9 8
MOVE 135 POS 2 4 4 7 5 9 9 8 1 1 1 6 0 3 1 3 10 7 2 7
MOVE 136 POS 2 4 4 7 5 9 9 8 1 1 2 6 0 3 1 3 10 7 2 7
CRUMB 2 6
MOVE 137 POS 2 4 4 7 5 9 9 8 1 1 2 6 0 4 1 3 10 7 2 7
MOVE 138 POS 2 4 4 7 5 9 9 8 1 1 2 6 0 4 1 3 10 7 2 7
WALL FOUND 1 3 1
WALL FOUND 1 2 5
MOVE 139 POS 2 4 4 7 5 9 9 8 1 1 2 6 0 4 1 3 9 7 2 7
CRUMB 9 7
MOVE 140 POS 2 4 4 7 5 9 9 8 1 1 2 6 0 4 1 3 9 7 2 7
WALL FOUND 2 7 2
WALL FOUND 3 7 10
MOVE 141 POS 2 4 4 7 5 9 9 8 1 1 2 6 0 4 1 3 9 7 2 7
WALL FOUND 2 4 4
WALL FOUND 2 5 9
MOVE 142 POS 2 4 4 7 5 9 9 8 1 1 2 6 0 4 1 3 9 7 2 7
WALL FOUND 4 7 10
WALL FOUND 5 7 14
MOVE 143 POS 2 4 4 7 6 9 9 8 1 1 2 6 0 4 1 3 9 7 2 7
CRUMB 6 9
MOVE 144 POS 2 4 4 7 6 9 9 9 1 1 2 6 0 4 1 3 9 7 2 7
CRUMB 9 9
MOVE 145 POS 2 4 4 7 6 9 9 9 1 1 2 6 0 4 1 3 9 7 2 7
WALL FOUND 1 1 6
WALL FOUND 2 1 9
MOVE 146 POS 2 4 4 7 6 9 9 9 1 1 2 5 0 4 1 3 9 7 2 7
CRUMB 2 5
MOVE 147 POS 2 4 4 7 6 9 9 9 1 1 2 5 1 4 1 3 9 7 2 7
MOVE 148 POS 2 4 4 7 6 9 9 9 1 1 2 5 1 4 1 3 9 7 2 7
WALL FOUND 1 3 9
WALL FOUND 0 3 10
MOVE 149 POS 2 4 4 7 6 9 9 9 1 1 2 5 1 4 1 3 9 7 2 7
WALL FOUND 9 7 1
WALL FOUND 9 6 4
MOVE 150 POS 2 4 4 7 6 9 9 9 1 1 2 5 1 4 1 3 9 7 2 7
WALL FOUND 2 7 3
WALL FOUND 2 6 6
MOVE 151 POS 2 4 4 7 6 9 9 9 1 1 2 5 1 4 1 3 9 7 2 7
WALL FOUND 2 4 12
WALL FOUND 1 4 6
MOVE 152 POS 2 4 4 6 6 9 9 9 1 1 2 5 1 4 1 3 9 7 2 7
MOVE 153 POS 2 4 4 6 7 9 9 9 1 1 2 5 1 4 1 3 9 7 2 7
CRUMB 7 9
MOVE 154 POS 2 4 4 6 7 9 8 9 1 1 2 5 1 4 1 3 9 7 2 7
CRUMB 8 9
MOVE 155 POS 2 4 4 6 7 9 8 9 1 0 2 5 1 4 1 3 9 7 2 7
MOVE 156 POS 2 4 4 6 7 9 8 9 1 0 3 5 1 4 1 3 9 7 2 7
CRUMB 3 5
MOVE 157 POS 2 4 4 6 7 9 8 9 1 0 3 5 1 3 1 3 9 7 2 7
MOVE 158 POS 2 4 4 6 7 9 8 9 1 0 3 5 1 3 1 4 9 7 2 7
MOVE 159 POS 2 4 4 6 7 9 8 9 1 0 3 5 1 3 1 4 9 7 2 7
WALL FOUND 9 7 9
WALL FOUND 8 7 2
MOVE 160 POS 2 4 4 6 7 9 8 9 1 0 3 5 1 3 1 4 9 7 1 7
MOVE 161 POS 3 4 4 6 7 9 8 9 1 0 3 5 1 3 1 4 9 7 1 7
MOVE 162 POS 3 4 4 6 7 9 8 9 1 0 3 5 1 3 1 4 9 7 1 7
WALL FOUND 4 6 1
WALL FOUND 4 5 4
MOVE 163 POS 3 4 4 6 7 8 8 9 1 0 3 5 1 3 1 4 9 7 1 7
CRUMB 7 8
MOVE 164 POS 3 4 4 6 7 8 8 9 1 0 3 5 1 3 1 4 9 7 1 7
WALL FOUND 8 9 13
WALL FOUND 7 9 6
MOVE 165 POS 3 4 4 6 7 8 8 9 2 0 3 5 1 3 1 4 9 7 1 7
MOVE 166 POS 3 4 4 6 7 8 8 9 2 0 4 5 1 3 1 4 9 7 1 7
CRUMB 4 5
MOVE 167 POS 3 4 4 6 7 8 8 9 2 0 4 5 2 3 1 4 9 7 1 7
MOVE 168 POS 3 4 4 6 7 8 8 9 2 0 4 5 2 3 0 4 9 7 1 7
MOVE 169 POS 3 4 4 6 7 8 8 9 2 0 4 5 2 3 0 4 9 7 1 7
WALL FOUND 9 7 13
WALL FOUND 9 8 1
MOVE 170 POS 3 4 4 6 7 8 8 9 2 0 4 5 2 3 0 4 9 7 1 7
WALL FOUND 1 7 1
WALL FOUND 1 6 5
MOVE 171 POS 3 4 4 6 7 8 8 9 2 0 4 5 2 3 0 4 9 7 1 7
WALL FOUND 3 4 6
WALL FOUND 3 5 5
MOVE 172 POS 3 4 4 6 7 8 8 9 2 0 4 5 2 3 0 4 9 7 1 7
WALL FOUND 4 6 3
WALL FOUND 5 6 8
MOVE 173 POS 3 4 4 6 7 8 8 9 2 0 4 5 2 3 0 4 9 7 1 7
WALL FOUND 7 8 11
WALL FOUND 7 7 4
WALL ADDED 8 9 15
WALL ADDED 9 9 12
MOVE 174 POS 3 4 4 6 7 8 9 9 2 0 4 5 2 3 0 4 9 7 1 7
MOVE 175 POS 3 4 4 6 7 8 9 9 3 0 4 5 2 3 0 4 9 7 1 7
MOVE 176 POS 3 4 4 6 7 8 9 9 3 0 5 5 2 3 0 4 9 7 1 7
CRUMB 5 5
MOVE 177 POS 3 4 4 6 7 8 9 9 3 0 5 5 2 4 0 4 9 7 1 7
MOVE 178 POS 3 4 4 6 7 8 9 9 3 0 5 5 2 4 0 3 9 7 1 7
WALL ADDED 9 7 15
WALL ADDED 10 7 8
MOVE 179 POS 3 4 4 6 7 8 9 9 3 0 5 5 2 4 0 3 10 7 1 7
MOVE 180 POS 3 4 4 6 7 8 9 9 3 0 5 5 2 4 0 3 10 7 0 7
MOVE 181 POS 3 3 4 6 7 8 9 9 3 0 5 5 2 4 0 3 10 7 0 7
MOVE 182 POS 3 3 3 6 7 8 9 9 3 0 5 5 2 4 0 3 10 7 0 7
WALL ADDED 7 8 15
WALL ADDED 7 9 7
MOVE 183 POS 3 3 3 6 7 9 9 9 3 0 5 5 2 4 0 3 10 7 0 7
MOVE 184 POS 3 3 3 6 7 9 10 9 3 0 5 5 2 4 0 3 10 7 0 7
CRUMB 10 9
MOVE 185 POS 3 3 3 6 7 9 10 9 4 0 5 5 2 4 0 3 10 7 0 7
MOVE 186 POS 3 3 3 6 7 9 10 9 4 0 5 6 2 4 0 3 10 7 0 7
CRUMB 5 6
MOVE 187 POS 3 3 3 6 7 9 10 9 4 0 5 6 3 4 0 3 10 7 0 7
MOVE 188 POS 3 3 3 6 7 9 10 9 4 0 5 6 3 4 0 2 10 7 0 7
MOVE 189 POS 3 3 3 6 7 9 10 9 4 0 5 6 3 4 0 2 10 8 0 7
CRUMB 10 8
MOVE 190 POS 3 3 3 6 7 9 10 9 4 0 5 6 3 4 0 2 10 8 0 6
MOVE 191 POS 4 3 3 6 7 9 10 9 4 0 5 6 3 4 0 2 10 8 0 6
MOVE 192 POS 4 3 3 7 7 9 10 9 4 0 5 6 3 4 0 2 10 8 0 6
WALL ADDED 7 9 15
WALL ADDED 6 9 7
MOVE 193 POS 4 3 3 7 6 9 10 9 4 0 5 6 3 4 0 2 10 8 0 6
MOVE 194 POS 4 3 3 7 6 9 11 9 4 0 5 6 3 4 0 2 10 8 0 6
CRUMB 11 9
MOVE 195 POS 4 3 3 7 6 9 11 9 4 1 5 6 3 4 0 2 10 8 0 6
MOVE 196 POS 4 3 3 7 6 9 11 9 4 1 5 7 3 4 0 2 10 8 0 6
CRUMB 5 7
MOVE 197 POS 4 3 3 7 6 9 11 9 4 1 5 7 3 3 0 2 10 8 0 6
MOVE 198 POS 4 3 3 7 6 9 11 9 4 1 5 7 3 3 1 2 10 8 0 6
MOVE 199 POS 4 3 3 7 6 9 11 9 4 1 5 7 3 3 1 2 11 8 0 6
CRUMB 11 8
MOVE 200 POS 4 3 3 7 6 9 11 9 4 1 5 7 3 3 1 2 11 8 1 6
MOVE 201 POS 4 4 3 7 6 9 11 9 4 1 5 7 3 3 1 2 11 8 1 6
MOVE 202 POS 4 4 3 8 6 9 11 9 4 1 5 7 3 3 1 2 11 8 1 6
WALL ADDED 6 9 15
WALL ADDED 5 9 7
MOVE 203 POS 4 4 3 8 5 9 11 9 4 1 5 7 3 3 1 2 11 8 1 6
MOVE 204 POS 4 4 3 8 5 9 11 8 4 1 5 7 3 3 1 2 11 8 1 6
MOVE 205 POS 4 4 3 8 5 9 11 8 5 1 5 7 3 3 1 2 11 8 1 6
CRUMB 5 1
WALL ADDED 5 7 15
WALL ADDED 5 6 12
MOVE 206 POS 4 4 3 8 5 9 11 8 5 1 5 6 3 3 1 2 11 8 1 6
MOVE 207 POS 4 4 3 8 5 9 11 8 5 1 5 6 4 3 1 2 11 8 1 6
MOVE 208 POS 4 4 3 8 5 9 11 8 5 1 5 6 4 3 2 2 11 8 1 6
MOVE 209 POS 4 4 3 8 5 9 11 8 5 1 5 6 4 3 2 2 11 8 1 6
WALL FOUND 11 8 3
WALL FOUND 11 7 6
MOVE 210 POS 4 4 3 8 5 9 11 8 5 1 5 6 4 3 2 2 11 8 2 6
MOVE 211 POS 4 4 3 8 5 9 11 8 5 1 5 6 4 3 2 2 11 8 2 6
WALL FOUND 4 4 12
WALL FOUND 4 5 5
MOVE 212 POS 4 4 3 9 5 9 11 8 5 1 5 6 4 3 2 2 11 8 2 6
WALL ADDED 5 9 15
WALL ADDED 4 9 7
MOVE 213 POS 4 4 3 9 4 9 11 8 5 1 5 6 4 3 2 2 11 8 2 6
MOVE 214 POS 4 4 3 9 4 9 10 8 5 1 5 6 4 3 2 2 11 8 2 6
MOVE 215 POS 4 4 3 9 4 9 10 8 5 0 5 6 4 3 2 2 11 8 2 6
CRUMB 5 0
MOVE 216 POS 4 4 3 9 4 9 10 8 5 0 6 6 4 3 2 2 11 8 2 6
CRUMB 6 6
MOVE 217 POS 4 4 3 9 4 9 10 8 5 0 6 6 4 4 2 2 11 8 2 6
MOVE 218 POS 4 4 3 9 4 9 10 8 5 0 6 6 4 4 2 1 11 8 2 6
MOVE 219 POS 4 4 3 9 4 9 10 8 5 0 6 6 4 4 2 1 11 9 2 6
MOVE 220 POS 4 4 3 9 4 9 10 8 5 0 6 6 4 4 2 1 11 9 2 5
MOVE 221 POS 5 4 3 9 4 9 10 8 5 0 6 6 4 4 2 1 11 9 2 5
MOVE 222 POS 5 4 4 9 4 9 10 8 5 0 6 6 4 4 2 1 11 9 2 5
MOVE 223 POS 5 4 4 9 3 9 10 8 5 0 6 6 4 4 2 1 11 9 2 5
MOVE 224 POS 5 4 4 9 3 9 10 7 5 0 6 6 4 4 2 1 11 9 2 5
MOVE 225 POS 5 4 4 9 3 9 10 7 5 0 6 6 4 4 2 1 11 9 2 5
WALL FOUND 5 0 11
WALL FOUND 6 0 9
MOVE 226 POS 5 4 4 9 3 9 10 7 5 0 6 5 4 4 2 1 11 9 2 5
CRUMB 6 5
MOVE 227 POS 5 4 4 9 3 9 10 7 5 0 6 5 5 4 2 1 11 9 2 5
MOVE 228 POS 5 4 4 9 3 9 10 7 5 0 6 5 5 4 3 1 11 9 2 5
MOVE 229 POS 5 4 4 9 3 9 10 7 5 0 6 5 5 4 3 1 10 9 2 5
MOVE 230 POS 5 4 4 9 3 9 10 7 5 0 6 5 5 4 3 1 10 9 3 5
MOVE 231 POS 5 4 4 9 3 9 10 7 5 0 6 5 5 4 3 1 10 9 3 5
WALL FOUND 5 4 2
WALL FOUND 6 4 10
WALL ADDED 4 9 15
WALL ADDED 3 9 14
MOVE 232 POS 5 4 3 9 3 9 10 7 5 0 6 5 5 4 3 1 10 9 3 5
MOVE 233 POS 5 4 3 9 3 8 10 7 5 0 6 5 5 4 3 1 10 9 3 5
MOVE 234 POS 5 4 3 9 3 8 10 7 5 0 6 5 5 4 3 1 10 9 3 5
WALL FOUND 10 7 10
WALL FOUND 11 7 14
WALL ADDED 5 0 15
WALL ADDED 5 1 3
MOVE 235 POS 5 4 3 9 3 8 10 7 5 1 6 5 5 4 3 1 10 9 3 5
MOVE 236 POS 5 4 3 9 3 8 10 7 5 1 6 4 5 4 3 1 10 9 3 5
CRUMB 6 4
MOVE 237 POS 5 4 3 9 3 8 10 7 5 1 6 4 5 4 3 1 10 9 3 5
WALL FOUND 5 4 6
WALL FOUND 5 5 1
MOVE 238 POS 5 4 3 9 3 8 10 7 5 1 6 4 5 4 3 2 10 9 3 5
MOVE 239 POS 5 4 3 9 3 8 10 7 5 1 6 4 5 4 3 2 10 9 3 5
WALL FOUND 10 9 5
WALL FOUND 10 8 4
MOVE 240 POS 5 4 3 9 3 8 10 7 5 1 6 4 5 4 3 2 10 9 4 5
MOVE 241 POS 5 3 3 9 3 8 10 7 5 1 6 4 5 4 3 2 10 9 4 5
WALL ADDED 3 9 15
WALL ADDED 3 8 14
MOVE 242 POS 5 3 3 8 3 8 10 7 5 1 6 4 5 4 3 2 10 9 4 5
MOVE 243 POS 5 3 3 8 3 7 10 7 5 1 6 4 5 4 3 2 10 9 4 5
MOVE 244 POS 5 3 3 8 3 7 10 6 5 1 6 4 5 4 3 2 10 9 4 5
MOVE 245 POS 5 3 3 8 3 7 10 6 4 1 6 4 5 4 3 2 10 9 4 5
MOVE 246 POS 5 3 3 8 3 7 10 6 4 1 6 3 5 4 3 2 10 9 4 5
CRUMB 6 3
MOVE 247 POS 5 3 3 8 3 7 10 6 4 1 6 3 5 3 3 2 10 9 4 5
MOVE 248 POS 5 3 3 8 3 7 10 6 4 1 6 3 5 3 3 2 10 9 4 5
WALL FOUND 3 2 12
WALL FOUND 3 3 9
MOVE 249 POS 5 3 3 8 3 7 10 6 4 1 6 3 5 3 3 2 9 9 4 5
MOVE 250 POS 5 3 3 8 3 7 10 6 4 1 6 3 5 3 3 2 9 9 5 5
MOVE 251 POS 6 3 3 8 3 7 10 6 4 1 6 3 5 3 3 2 9 9 5 5
WALL ADDED 3 8 15
WALL ADDED 3 7 14
MOVE 252 POS 6 3 3 7 3 7 10 6 4 1 6 3 5 3 3 2 9 9 5 5
MOVE 253 POS 6 3 3 7 3 6 10 6 4 1 6 3 5 3 3 2 9 9 5 5
MOVE 254 POS 6 3 3 7 3 6 10 6 4 1 6 3 5 3 3 2 9 9 5 5
WALL FOUND 10 6 2
WALL FOUND 11 6 10
MOVE 255 POS 6 3 3 7 3 6 10 6 4 0 6 3 5 3 3 2 9 9 5 5
MOVE 256 POS 6 3 3 7 3 6 10 6 4 0 6 3 5 3 3 2 9 9 5 5
WALL FOUND 6 3 3
WALL FOUND 6 2 4
MOVE 257 POS 6 3 3 7 3 6 10 6 4 0 6 3 6 3 3 2 9 9 5 5
MOVE 258 POS 6 3 3 7 3 6 10 6 4 0 6 3 6 3 4 2 9 9 5 5
MOVE 259 POS 6 3 3 7 3 6 10 6 4 0 6 3 6 3 4 2 9 8 5 5
MOVE 260 POS 6 3 3 7 3 6 10 6 4 0 6 3 6 3 4 2 9 8 5 6
MOVE 261 POS 6 4 3 7 3 6 10 6 4 0 6 3 6 3 4 2 9 8 5 6
WALL ADDED 3 7 15
WALL ADDED 3 6 13
MOVE 262 POS 6 4 3 6 3 6 10 6 4 0 6 3 6 3 4 2 9 8 5 6
MOVE 263 POS 6 4 3 6 4 6 10 6 4 0 6 3 6 3 4 2 9 8 5 6
MOVE 264 POS 6 4 3 6 4 6 10 5 4 0 6 3 6 3 4 2 9 8 5 6
MOVE 265 POS 6 4 3 6 4 6 10 5 3 0 6 3 6 3 4 2 9 8 5 6
MOVE 266 POS 6 4 3 6 4 6 10 5 3 0 5 3 6 3 4 2 9 8 5 6
MOVE 267 POS 6 4 3 6 4 6 10 5 3 0 5 3 6 4 4 2 9 8 5 6
MOVE 268 POS 6 4 3 6 4 6 10 5 3 0 5 3 6 4 4 2 9 8 5 6
WALL FOUND 4 2 4
WALL FOUND 4 3 3
MOVE 269 POS 6 4 3 6 4 6 10 5 3 0 5 3 6 4 4 2 9 8 5 6
WALL FOUND 9 8 3
WALL FOUND 10 8 12
MOVE 270 POS 6 4 3 6 4 6 10 5 3 0 5 3 6 4 4 2 9 8 6 6
MOVE 271 POS 6 5 3 6 4 6 10 5 3 0 5 3 6 4 4 2 9 8 6 6
WALL ADDED 3 6 15
WALL ADDED 4 6 11
MOVE 272 POS 6 5 4 6 4 6 10 5 3 0 5 3 6 4 4 2 9 8 6 6
MOVE 273 POS 6 5 4 6 4 7 10 5 3 0 5 3 6 4 4 2 9 8 6 6
MOVE 274 POS 6 5 4 6 4 7 10 5 3 0 5 3 6 4 4 2 9 8 6 6
WALL FOUND 10 5 2
WALL FOUND 11 5 10
MOVE 275 POS 6 5 4 6 4 7 10 5 2 0 5 3 6 4 4 2 9 8 6 6
MOVE 276 POS 6 5 4 6 4 7 10 5 2 0 5 4 6 4 4 2 9 8 6 6
MOVE 277 POS 6 5 4 6 4 7 10 5 2 0 5 4 6 5 4 2 9 8 6 6
MOVE 278 POS 6 5 4 6 4 7 10 5 2 0 5 4 6 5 5 2 9 8 6 6
MOVE 279 POS 6 5 4 6 4 7 10 5 2 0 5 4 6 5 5 2 8 8 6 6
MOVE 280 POS 6 5 4 6 4 7 10 5 2 0 5 4 6 5 5 2 8 8 6 5
MOVE 281 POS 6 5 4 6 4 7 10 5 2 0 5 4 6 5 5 2 8 8 6 5
WALL FOUND 6 5 10
WALL FOUND 5 5 3
WALL ADDED 4 6 15
WALL ADDED 4 7 11
MOVE 282 POS 6 5 4 7 4 7 10 5 2 0 5 4 6 5 5 2 8 8 6 5
MOVE 283 POS 6 5 4 7 4 8 10 5 2 0 5 4 6 5 5 2 8 8 6 5
MOVE 284 POS 6 5 4 7 4 8 10 4 2 0 5 4 6 5 5 2 8 8 6 5
MOVE 285 POS 6 5 4 7 4 8 10 4 1 0 5 4 6 5 5 2 8 8 6 5
MOVE 286 POS 6 5 4 7 4 8 10 4 1 0 4 4 6 5 5 2 8 8 6 5
MOVE 287 POS 6 5 4 7 4 8 10 4 1 0 4 4 6 6 5 2 8 8 6 5
MOVE 288 POS 6 5 4 7 4 8 10 4 1 0 4 4 6 6 6 2 8 8 6 5
MOVE 289 POS 6 5 4 7 4 8 10 4 1 0 4 4 6 6 6 2 8 7 6 5
MOVE 290 POS 6 5 4 7 4 8 10 4 1 0 4 4 6 6 6 2 8 7 6 4
MOVE 291 POS 6 6 4 7 4 8 10 4 1 0 4 4 6 6 6 2 8 7 6 4
WALL ADDED 4 7 15
WALL ADDED 4 8 13
MOVE 292 POS 6 6 4 8 4 8 10 4 1 0 4 4 6 6 6 2 8 7 6 4
MOVE 293 POS 6 6 4 8 5 8 10 4 1 0 4 4 6 6 6 2 8 7 6 4
MOVE 294 POS 6 6 4 8 5 8 10 4 1 0 4 4 6 6 6 2 8 7 6 4
WALL FOUND 10 4 3
WALL FOUND 11 4 10
MOVE 295 POS 6 6 4 8 5 8 10 4 1 1 4 4 6 6 6 2 8 7 6 4
MOVE 296 POS 6 6 4 8 5 8 10 4 1 1 4 3 6 6 6 2 8 7 6 4
MOVE 297 POS 6 6 4 8 5 8 10 4 1 1 4 3 5 6 6 2 8 7 6 4
MOVE 298 POS 6 6 4 8 5 8 10 4 1 1 4 3 5 6 7 2 8 7 6 4
CRUMB 7 2
MOVE 299 POS 6 6 4 8 5 8 10 4 1 1 4 3 5 6 7 2 8 6 6 4
MOVE 300 POS 6 6 4 8 5 8 10 4 1 1 4 3 5 6 7 2 8 6 6 3
MOVE 301 POS 5 6 4 8 5 8 10 4 1 1 4 3 5 6 7 2 8 6 6 3
WALL ADDED 4 8 15
WALL ADDED 5 8 13
MOVE 302 POS 5 6 5 8 5 8 10 4 1 1 4 3 5 6 7 2 8 6 6 3
MOVE 303 POS 5 6 5 8 6 8 10 4 1 1 4 3 5 6 7 2 8 6 6 3
MOVE 304 POS 5 6 5 8 6 8 9 4 1 1 4 3 5 6 7 2 8 6 6 3
MOVE 305 POS 5 6 5 8 6 8 9 4 0 1 4 3 5 6 7 2 8 6 6 3
MOVE 306 POS 5 6 5 8 6 8 9 4 0 1 3 3 5 6 7 2 8 6 6 3
MOVE 307 POS 5 6 5 8 6 8 9 4 0 1 3 3 5 5 7 2 8 6 6 3
MOVE 308 POS 5 6 5 8 6 8 9 4 0 1 3 3 5 5 7 1 8 6 6 3
CRUMB 7 1
MOVE 309 POS 5 6 5 8 6 8 9 4 0 1 3 3 5 5 7 1 9 6 6 3
MOVE 310 POS 5 6 5 8 6 8 9 4 0 1 3 3 5 5 7 1 9 6 5 3
MOVE 311 POS 5 5 5 8 6 8 9 4 0 1 3 3 5 5 7 1 9 6 5 3
WALL ADDED 5 8 15
WALL ADDED 6 8 14
MOVE 312 POS 5 5 6 8 6 8 9 4 0 1 3 3 5 5 7 1 9 6 5 3
MOVE 313 POS 5 5 6 8 6 7 9 4 0 1 3 3 5 5 7 1 9 6 5 3
MOVE 314 POS 5 5 6 8 6 7 8 4 0 1 3 3 5 5 7 1 9 6 5 3
MOVE 315 POS 5 5 6 8 6 7 8 4 0 2 3 3 5 5 7 1 9 6 5 3
MOVE 316 POS 5 5 6 8 6 7 8 4 0 2 3 4 5 5 7 1 9 6 5 3
MOVE 317 POS 5 5 6 8 6 7 8 4 0 2 3 4 4 5 7 1 9 6 5 3
MOVE 318 POS 5 5 6 8 6 7 8 4 0 2 3 4 4 5 7 1 9 6 5 3
WALL FOUND 7 1 2
WALL FOUND 8 1 8
MOVE 319 POS 5 5 6 8 6 7 8 4 0 2 3 4 4 5 7 1 9 6 5 3
WALL FOUND 9 6 6
WALL FOUND 10 6 10
MOVE 320 POS 5 5 6 8 6 7 8 4 0 2 3 4 4 5 7 1 9 6 5 4
MOVE 321 POS 4 5 6 8 6 7 8 4 0 2 3 4 4 5 7 1 9 6 5 4
WALL ADDED 6 8 15
WALL ADDED 6 7 13
MOVE 322 POS 4 5 6 7 6 7 8 4 0 2 3 4 4 5 7 1 9 6 5 4
MOVE 323 POS 4 5 6 7 7 7 8 4 0 2 3 4 4 5 7 1 9 6 5 4
MOVE 324 POS 4 5 6 7 7 7 7 4 0 2 3 4 4 5 7 1 9 6 5 4
MOVE 325 POS 4 5 6 7 7 7 7 4 0 3 3 4 4 5 7 1 9 6 5 4
MOVE 326 POS 4 5 6 7 7 7 7 4 0 3 2 4 4 5 7 1 9 6 5 4
MOVE 327 POS 4 5 6 7 7 7 7 4 0 3 2 4 3 5 7 1 9 6 5 4
MOVE 328 POS 4 5 6 7 7 7 7 4 0 3 2 4 3 5 7 1 9 6 5 4
WALL FOUND 7 1 3
WALL FOUND 7 0 5
MOVE 329 POS 4 5 6 7 7 7 7 4 0 3 2 4 3 5 7 1 9 5 5 4
MOVE 330 POS 4 5 6 7 7 7 7 4 0 3 2 4 3 5 7 1 9 5 4 4
MOVE 331 POS 3 5 6 7 7 7 7 4 0 3 2 4 3 5 7 1 9 5 4 4
WALL ADDED 6 7 15
WALL ADDED 7 7 12
MOVE 332 POS 3 5 7 7 7 7 7 4 0 3 2 4 3 5 7 1 9 5 4 4
MOVE 333 POS 3 5 7 7 7 7 7 4 0 3 2 4 3 5 7 1 9 5 4 4
WALL FOUND 7 7 14
WALL FOUND 8 7 10
MOVE 334 POS 3 5 7 7 7 7 7 3 0 3 2 4 3 5 7 1 9 5 4 4
MOVE 335 POS 3 5 7 7 7 7 7 3 0 4 2 4 3 5 7 1 9 5 4 4
MOVE 336 POS 3 5 7 7 7 7 7 3 0 4 2 3 3 5 7 1 9 5 4 4
MOVE 337 POS 3 5 7 7 7 7 7 3 0 4 2 3 2 5 7 1 9 5 4 4
MOVE 338 POS 3 5 7 7 7 7 7 3 0 4 2 3 2 5 7 1 9 5 4 4
WALL FOUND 7 1 11
WALL FOUND 6 1 10
MOVE 339 POS 3 5 7 7 7 7 7 3 0 4 2 3 2 5 7 1 9 5 4 4
WALL FOUND 9 5 2
WALL FOUND 10 5 10
MOVE 340 POS 3 5 7 7 7 7 7 3 0 4 2 3 2 5 7 1 9 5 4 3
MOVE 341 POS 2 5 7 7 7 7 7 3 0 4 2 3 2 5 7 1 9 5 4 3
MOVE 342 POS 2 5 7 6 7 7 7 3 0 4 2 3 2 5 7 1 9 5 4 3
WALL ADDED 7 7 15
WALL ADDED 7 6 12
MOVE 343 POS 2 5 7 6 7 6 7 3 0 4 2 3 2 5 7 1 9 5 4 3
MOVE 344 POS 2 5 7 6 7 6 8 3 0 4 2 3 2 5 7 1 9 5 4 3
CRUMB 8 3
MOVE 345 POS 2 5 7 6 7 6 8 3 1 4 2 3 2 5 7 1 9 5 4 3
MOVE 346 POS 2 5 7 6 7 6 8 3 1 4 1 3 2 5 7 1 9 5 4 3
MOVE 347 POS 2 5 7 6 7 6 8 3 1 4 1 3 2 6 7 1 9 5 4 3
WALL ADDED 7 1 15
WALL ADDED 7 2 5
MOVE 348 POS 2 5 7 6 7 6 8 3 1 4 1 3 2 6 7 2 9 5 4 3
MOVE 349 POS 2 5 7 6 7 6 8 3 1 4 1 3 2 6 7 2 9 5 4 3
WALL FOUND 9 5 3
WALL FOUND 9 4 5
MOVE 350 POS 2 5 7 6 7 6 8 3 1 4 1 3 2 6 7 2 9 5 3 3
MOVE 351 POS 2 6 7 6 7 6 8 3 1 4 1 3 2 6 7 2 9 5 3 3
MOVE 352 POS 2 6 7 6 7 6 8 3 1 4 1 3 2 6 7 2 9 5 3 3
WALL FOUND 7 6 14
WALL FOUND 8 6 9
MOVE 353 POS 2 6 7 6 7 5 8 3 1 4 1 3 2 6 7 2 9 5 3 3
MOVE 354 POS 2 6 7 6 7 5 8 2 1 4 1 3 2 6 7 2 9 5 3 3
CRUMB 8 2
MOVE 355 POS 2 6 7 6 7 5 8 2 1 3 1 3 2 6 7 2 9 5 3 3
MOVE 356 POS 2 6 7 6 7 5 8 2 1 3 1 4 2 6 7 2 9 5 3 3
MOVE 357 POS 2 6 7 6 7 5 8 2 1 3 1 4 1 6 7 2 9 5 3 3
MOVE 358 POS 2 6 7 6 7 5 8 2 1 3 1 4 1 6 6 2 9 5 3 3
MOVE 359 POS 2 6 7 6 7 5 8 2 1 3 1 4 1 6 6 2 8 5 3 3
MOVE 360 POS 2 6 7 6 7 5 8 2 1 3 1 4 1 6 6 2 8 5 3 4
MOVE 361 POS 1 6 7 6 7 5 8 2 1 3 1 4 1 6 6 2 8 5 3 4
WALL ADDED 7 6 15
WALL ADDED 7 5 13
MOVE 362 POS 1 6 7 5 7 5 8 2 1 3 1 4 1 6 6 2 8 5 3 4
MOVE 363 POS 1 6 7 5 8 5 8 2 1 3 1 4 1 6 6 2 8 5 3 4
MOVE 364 POS 1 6 7 5 8 5 8 1 1 3 1 4 1 6 6 2 8 5 3 4
CRUMB 8 1
MOVE 365 POS 1 6 7 5 8 5 8 1 2 3 1 4 1 6 6 2 8 5 3 4
MOVE 366 POS 1 6 7 5 8 5 8 1 2 3 0 4 1 6 6 2 8 5 3 4
MOVE 367 POS 1 6 7 5 8 5 8 1 2 3 0 4 0 6 6 2 8 5 3 4
MOVE 368 POS 1 6 7 5 8 5 8 1 2 3 0 4 0 6 6 1 8 5 3 4
MOVE 369 POS 1 6 7 5 8 5 8 1 2 3 0 4 0 6 6 1 7 5 3 4
MOVE 370 POS 1 6 7 5 8 5 8 1 2 3 0 4 0 6 6 1 7 5 2 4
MOVE 371 POS 0 6 7 5 8 5 8 1 2 3 0 4 0 6 6 1 7 5 2 4
MOVE 372 POS 0 6 8 5 8 5 8 1 2 3 0 4 0 6 6 1 7 5 2 4
MOVE 373 POS 0 6 8 5 9 5 8 1 2 3 0 4 0 6 6 1 7 5 2 4
MOVE 374 POS 0 6 8 5 9 5 8 0 2 3 0 4 0 6 6 1 7 5 2 4
CRUMB 8 0
MOVE 375 POS 0 6 8 5 9 5 8 0 2 4 0 4 0 6 6 1 7 5 2 4
MOVE 376 POS 0 6 8 5 9 5 8 0 2 4 0 3 0 6 6 1 7 5 2 4
MOVE 377 POS 0 6 8 5 9 5 8 0 2 4 0 3 0 7 6 1 7 5 2 4
MOVE 378 POS 0 6 8 5 9 5 8 0 2 4 0 3 0 7 6 0 7 5 2 4
WALL ADDED 7 5 15
WALL ADDED 8 5 13
MOVE 379 POS 0 6 8 5 9 5 8 0 2 4 0 3 0 7 6 0 8 5 2 4
MOVE 380 POS 0 6 8 5 9 5 8 0 2 4 0 3 0 7 6 0 8 5 2 3
MOVE 381 POS 0 7 8 5 9 5 8 0 2 4 0 3 0 7 6 0 8 5 2 3
MOVE 382 POS 0 7 9 5 9 5 8 0 2 4 0 3 0 7 6 0 8 5 2 3
MOVE 383 POS 0 7 9 5 9 6 8 0 2 4 0 3 0 7 6 0 8 5 2 3
MOVE 384 POS 0 7 9 5 9 6 7 0 2 4 0 3 0 7 6 0 8 5 2 3
CRUMB 7 0
MOVE 385 POS 0 7 9 5 9 6 7 0 3 4 0 3 0 7 6 0 8 5 2 3
MOVE 386 POS 0 7 9 5 9 6 7 0 3 4 0 2 0 7 6 0 8 5 2 3
MOVE 387 POS 0 7 9 5 9 6 7 0 3 4 0 2 1 7 6 0 8 5 2 3
MOVE 388 POS 0 7 9 5 9 6 7 0 3 4 0 2 1 7 7 0 8 5 2 3
GOAL 2 2
MOVE 389 POS 0 7 9 5 9 6 7 0 3 4 0 2 1 7 7 0 9 5 2 3
MOVE 390 POS 0 7 9 5 9 6 7 0 3 4 0 2 1 7 7 0 9 5 1 3
MOVE 391 POS 0 6 9 5 9 6 7 0 3 4 0 2 1 7 7 0 9 5 1 3
MOVE 392 POS 0 6 9 6 9 6 7 0 3 4 0 2 1 7 7 0 9 5 1 3
MOVE 393 POS 0 6 9 6 8 6 7 0 3 4 0 2 1 7 7 0 9 5 1 3
MOVE 394 POS 0 6 9 6 8 6 6 0 3 4 0 2 1 7 7 0 9 5 1 3
MOVE 395 POS 0 6 9 6 8 6 6 0 2 4 0 2 1 7 7 0 9 5 1 3
MOVE 396 POS 0 6 9 6 8 6 6 0 2 4 1 2 1 7 7 0 9 5 1 3
MOVE 397 POS 0 6 9 6 8 6 6 0 2 4 1 2 0 7 7 0 9 5 1 3
MOVE 398 POS 0 6 9 6 8 6 6 0 2 4 1 2 0 7 6 0 9 5 1 3
MOVE 399 POS 0 6 9 6 8 6 6 0 2 4 1 2 0 7 6 0 9 6 1 3
MOVE 400 POS 0 6 9 6 8 6 6 0 2 4 1 2 0 7 6 0 9 6 1 4
MOVE 401 POS 1 6 9 6 8 6 6 0 2 4 1 2 0 7 6 0 9 6 1 4
MOVE 402 POS 1 6 8 6 8 6 6 0 2 4 1 2 0 7 6 0 9 6 1 4
MOVE 403 POS 1 6 8 6 8 7 6 0 2 4 1 2 0 7 6 0 9 6 1 4
MOVE 404 POS 1 6 8 6 8 7 6 1 2 4 1 2 0 7 6 0 9 6 1 4
MOVE 405 POS 1 6 8 6 8 7 6 1 2 3 1 2 0 7 6 0 9 6 1 4
MOVE 406 POS 1 6 8 6 8 7 6 1 2 3 2 2 0 7 6 0 9 6 1 4
MOVE 407 POS 1 6 8 6 8 7 6 1 2 3 2 2 0 6 6 0 9 6 1 4
MOVE 408 POS 1 6 8 6 8 7 6 1 2 3 2 2 0 6 6 1 9 6 1 4
MOVE 409 POS 1 6 8 6 8 7 6 1 2 3 2 2 0 6 6 1 8 6 1 4
MOVE 410 POS 1 6 8 6 8 7 6 1 2 3 2 2 0 6 6 1 8 6 0 4
MOVE 411 POS 2 6 8 6 8 7 6 1 2 3 2 2 0 6 6 1 8 6 0 4
MOVE 412 POS 2 6 8 7 8 7 6 1 2 3 2 2 0 6 6 1 8 6 0 4
MOVE 413 POS 2 6 8 7 8 8 6 1 2 3 2 2 0 6 6 1 8 6 0 4
MOVE 414 POS 2 6 8 7 8 8 6 2 2 3 2 2 0 6 6 1 8 6 0 4
MOVE 415 POS 2 6 8 7 8 8 6 2 1 3 2 2 0 6 6 1 8 6 0 4
MOVE 416 POS 2 6 8 7 8 8 6 2 1 3 2 2 0 6 6 1 8 6 0 4
MOVE 417 POS 2 6 8 7 8 8 6 2 1 3 2 2 1 6 6 1 8 6 0 4
MOVE 418 POS 2 6 8 7 8 8 6 2 1 3 2 2 1 6 6 2 8 6 0 4
MOVE 419 POS 2 6 8 7 8 8 6 2 1 3 2 2 1 6 6 2 8 7 0 4
MOVE 420 POS 2 6 8 7 8 8 6 2 1 3 2 2 1 6 6 2 8 7 0 3
MOVE 421 POS 2 5 8 7 8 8 6 2 1 3 2 2 1 6 6 2 8 7 0 3
MOVE 422 POS 2 5 8 8 8 8 6 2 1 3 2 2 1 6 6 2 8 7 0 3
MOVE 423 POS 2 5 8 8 9 8 6 2 1 3 2 2 1 6 6 2 8 7 0 3
MOVE 424 POS 2 5 8 8 9 8 5 2 1 3 2 2 1 6 6 2 8 7 0 3
MOVE 425 POS 2 5 8 8 9 8 5 2 1 4 2 2 1 6 6 2 8 7 0 3
MOVE 426 POS 2 5 8 8 9 8 5 2 1 4 2 2 1 6 6 2 8 7 0 3
MOVE 427 POS 2 5 8 8 9 8 5 2 1 4 2 2 2 6 6 2 8 7 0 3
MOVE 428 POS 2 5 8 8 9 8 5 2 1 4 2 2 2 6 5 2 8 7 0 3
MOVE 429 POS 2 5 8 8 9 8 5 2 1 4 2 2 2 6 5 2 8 8 0 3
MOVE 430 POS 2 5 8 8 9 8 5 2 1 4 2 2 2 6 5 2 8 8 0 2
MOVE 431 POS 3 5 8 8 9 8 5 2 1 4 2 2 2 6 5 2 8 8 0 2
MOVE 432 POS 3 5 9 8 9 8 5 2 1 4 2 2 2 6 5 2 8 8 0 2
MOVE 433 POS 3 5 9 8 9 9 5 2 1 4 2 2 2 6 5 2 8 8 0 2
MOVE 434 POS 3 5 9 8 9 9 4 2 1 4 2 2 2 6 5 2 8 8 0 2
MOVE 435 POS 3 5 9 8 9 9 4 2 0 4 2 2 2 6 5 2 8 8 0 2
MOVE 436 POS 3 5 9 8 9 9 4 2 0 4 2 2 2 6 5 2 8 8 0 2
MOVE 437 POS 3 5 9 8 9 9 4 2 0 4 2 2 2 5 5 2 8 8 0 2
MOVE 438 POS 3 5 9 8 9 9 4 2 0 4 2 2 2 5 4 2 8 8 0 2
MOVE 439 POS 3 5 9 8 9 9 4 2 0 4 2 2 2 5 4 2 9 8 0 2
MOVE 440 POS 3 5 9 8 9 9 4 2 0 4 2 2 2 5 4 2 9 8 1 2
MOVE 441 POS 4 5 9 8 9 9 4 2 0 4 2 2 2 5 4 2 9 8 1 2
MOVE 442 POS 4 5 9 9 9 9 4 2 0 4 2 2 2 5 4 2 9 8 1 2
MOVE 443 POS 4 5 9 9 10 9 4 2 0 4 2 2 2 5 4 2 9 8 1 2
MOVE 444 POS 4 5 9 9 10 9 3 2 0 4 2 2 2 5 4 2 9 8 1 2
MOVE 445 POS 4 5 9 9 10 9 3 2 0 3 2 2 2 5 4 2 9 8 1 2
MOVE 446 POS 4 5 9 9 10 9 3 2 0 3 2 2 2 5 4 2 9 8 1 2
MOVE 447 POS 4 5 9 9 10 9 3 2 0 3 2 2 3 5 4 2 9 8 1 2
MOVE 448 POS 4 5 9 9 10 9 3 2 0 3 2 2 3 5 3 2 9 8 1 2
MOVE 449 POS 4 5 9 9 10 9 3 2 0 3 2 2 3 5 3 2 9 9 1 2
MOVE 450 POS 4 5 9 9 10 9 3 2 0 3 2 2 3 5 3 2 9 9 2 2
MOVE 451 POS 5 5 9 9 10 9 3 2 0 3 2 2 3 5 3 2 9 9 2 2
MOVE 452 POS 5 5 10 9 10 9 3 2 0 3 2 2 3 5 3 2 9 9 2 2
MOVE 453 POS 5 5 10 9 11 9 3 2 0 3 2 2 3 5 3 2 9 9 2 2
MOVE 454 POS 5 5 10 9 11 9 3 1 0 3 2 2 3 5 3 2 9 9 2 2
MOVE 455 POS 5 5 10 9 11 9 3 1 0 2 2 2 3 5 3 2 9 9 2 2
MOVE 456 POS 5 5 10 9 11 9 3 1 0 2 2 2 3 5 3 2 9 9 2 2
MOVE 457 POS 5 5 10 9 11 9 3 1 0 2 2 2 4 5 3 2 9 9 2 2
MOVE 458 POS 5 5 10 9 11 9 3 1 0 2 2 2 4 5 3 1 9 9 2 2
MOVE 459 POS 5 5 10 9 11 9 3 1 0 2 2 2 4 5 3 1 10 9 2 2
MOVE 460 POS 5 5 10 9 11 9 3 1 0 2 2 2 4 5 3 1 10 9 2 2
MOVE 461 POS 5 6 10 9 11 9 3 1 0 2 2 2 4 5 3 1 10 9 2 2
MOVE 462 POS 5 6 11 9 11 9 3 1 0 2 2 2 4 5 3 1 10 9 2 2
MOVE 463 POS 5 6 11 9 11 8 3 1 0 2 2 2 4 5 3 1 10 9 2 2
MOVE 464 POS 5 6 11 9 11 8 2 1 0 2 2 2 4 5 3 1 10 9 2 2
MOVE 465 POS 5 6 11 9 11 8 2 1 1 2 2 2 4 5 3 1 10 9 2 2
MOVE 466 POS 5 6 11 9 11 8 2 1 1 2 2 2 4 5 3 1 10 9 2 2
MOVE 467 POS 5 6 11 9 11 8 2 1 1 2 2 2 5 5 3 1 10 9 2 2
MOVE 468 POS 5 6 11 9 11 8 2 1 1 2 2 2 5 5 2 1 10 9 2 2
MOVE 469 POS 5 6 11 9 11 8 2 1 1 2 2 2 5 5 2 1 11 9 2 2
MOVE 470 POS 5 6 11 9 11 8 2 1 1 2 2 2 5 5 2 1 11 9 2 2
MOVE 471 POS 6 6 11 9 11 8 2 1 1 2 2 2 5 5 2 1 11 9 2 2
MOVE 472 POS 6 6 11 8 11 8 2 1 1 2 2 2 5 5 2 1 11 9 2 2
MOVE 473 POS 6 6 11 8 10 8 2 1 1 2 2 2 5 5 2 1 11 9 2 2
MOVE 474 POS 6 6 11 8 10 8 2 2 1 2 2 2 5 5 2 1 11 9 2 2
MOVE 475 POS 6 6 11 8 10 8 2 2 2 2 2 2 5 5 2 1 11 9 2 2
MOVE 476 POS 6 6 11 8 10 8 2 2 2 2 2 2 5 5 2 1 11 9 2 2
MOVE 477 POS 6 6 11 8 10 8 2 2 2 2 2 2 5 6 2 1 11 9 2 2
MOVE 478 POS 6 6 11 8 10 8 2 2 2 2 2 2 5 6 2 2 11 9 2 2
MOVE 479 POS 6 6 11 8 10 8 2 2 2 2 2 2 5 6 2 2 11 8 2 2
MOVE 480 POS 6 6 11 8 10 8 2 2 2 2 2 2 5 6 2 2 11 8 2 2
MOVE 481 POS 6 5 11 8 10 8 2 2 2 2 2 2 5 6 2 2 11 8 2 2
MOVE 482 POS 6 5 10 8 10 8 2 2 2 2 2 2 5 6 2 2 11 8 2 2
MOVE 483 POS 6 5 10 8 10 7 2 2 2 2 2 2 5 6 2 2 11 8 2 2
MOVE 484 POS 6 5 10 8 10 7 2 2 2 2 2 2 5 6 2 2 11 8 2 2
MOVE 485 POS 6 5 10 8 10 7 2 2 2 2 2 2 5 6 2 2 11 8 2 2
MOVE 486 POS 6 5 10 8 10 7 2 2 2 2 2 2 5 6 2 2 11 8 2 2
MOVE 487 POS 6 5 10 8 10 7 2 2 2 2 2 2 6 6 2 2 11 8 2 2
MOVE 488 POS 6 5 10 8 10 7 2 2 2 2 2 2 6 6 2 2 11 8 2 2
MOVE 489 POS 6 5 10 8 10 7 2 2 2 2 2 2 6 6 2 2 10 8 2 2
MOVE 490 POS 6 5 10 8 10 7 2 2 2 2 2 2 6 6 2 2 10 8 2 2
MOVE 491 POS 6 4 10 8 10 7 2 2 2 2 2 2 6 6 2 2 10 8 2 2
MOVE 492 POS 6 4 10 7 10 7 2 2 2 2 2 2 6 6 2 2 10 8 2 2
MOVE 493 POS 6 4 10 7 10 6 2 2 2 2 2 2 6 6 2 2 10 8 2 2
MOVE 494 POS 6 4 10 7 10 6 2 2 2 2 2 2 6 6 2 2 10 8 2 2
MOVE 495 POS 6 4 10 7 10 6 2 2 2 2 2 2 6 6 2 2 10 8 2 2
MOVE 496 POS 6 4 10 7 10 6 2 2 2 2 2 2 6 6 2 2 10 8 2 2
MOVE 497 POS 6 4 10 7 10 6 2 2 2 2 2 2 6 5 2 2 10 8 2 2
MOVE 498 POS 6 4 10 7 10 6 2 2 2 2 2 2 6 5 2 2 10 8 2 2
MOVE 499 POS 6 4 10 7 10 6 2 2 2 2 2 2 6 5 2 2 10 7 2 2
MOVE 500 POS 6 4 10 7 10 6 2 2 2 2 2 2 6 5 2 2 10 7 2 2
MOVE 501 POS 6 3 10 7 10 6 2 2 2 2 2 2 6 5 2 2 10 7 2 2
MOVE 502 POS 6 3 10 6 10 6 2 2 2 2 2 2 6 5 2 2 10 7 2 2
MOVE 503 POS 6 3 10 6 10 5 2 2 2 2 2 2 6 5 2 2 10 7 2 2
MOVE 504 POS 6 3 10 6 10 5 2 2 2 2 2 2 6 5 2 2 10 7 2 2
MOVE 505 POS 6 3 10 6 10 5 2 2 2 2 2 2 6 5 2 2 10 7 2 2
MOVE 506 POS 6 3 10 6 10 5 2 2 2 2 2 2 6 5 2 2 10 7 2 2
MOVE 507 POS 6 3 10 6 10 5 2 2 2 2 2 2 6 4 2 2 10 7 2 2
MOVE 508 POS 6 3 10 6 10 5 2 2 2 2 2 2 6 4 2 2 10 7 2 2
MOVE 509 POS 6 3 10 6 10 5 2 2 2 2 2 2 6 4 2 2 10 6 2 2
MOVE 510 POS 6 3 10 6 10 5 2 2 2 2 2 2 6 4 2 2 10 6 2 2
MOVE 511 POS 5 3 10 6 10 5 2 2 2 2 2 2 6 4 2 2 10 6 2 2
MOVE 512 POS 5 3 10 5 10 5 2 2 2 2 2 2 6 4 2 2 10 6 2 2
MOVE 513 POS 5 3 10 5 10 4 2 2 2 2 2 2 6 4 2 2 10 6 2 2
MOVE 514 POS 5 3 10 5 10 4 2 2 2 2 2 2 6 4 2 2 10 6 2 2
MOVE 515 POS 5 3 10 5 10 4 2 2 2 2 2 2 6 4 2 2 10 6 2 2
MOVE 516 POS 5 3 10 5 10 4 2 2 2 2 2 2 6 4 2 2 10 6 2 2
MOVE 517 POS 5 3 10 5 10 4 2 2 2 2 2 2 6 3 2 2 10 6 2 2
MOVE 518 POS 5 3 10 5 10 4 2 2 2 2 2 2 6 3 2 2 10 6 2 2
MOVE 519 POS 5 3 10 5 10 4 2 2 2 2 2 2 6 3 2 2 10 5 2 2
MOVE 520 POS 5 3 10 5 10 4 2 2 2 2 2 2 6 3 2 2 10 5 2 2
MOVE 521 POS 5 4 10 5 10 4 2 2 2 2 2 2 6 3 2 2 10 5 2 2
MOVE 522 POS 5 4 10 4 10 4 2 2 2 2 2 2 6 3 2 2 10 5 2 2
MOVE 523 POS 5 4 10 4 9 4 2 2 2 2 2 2 6 3 2 2 10 5 2 2
MOVE 524 POS 5 4 10 4 9 4 2 2 2 2 2 2 6 3 2 2 10 5 2 2
MOVE 525 POS 5 4 10 4 9 4 2 2 2 2 2 2 6 3 2 2 10 5 2 2
MOVE 526 POS 5 4 10 4 9 4 2 2 2 2 2 2 6 3 2 2 10 5 2 2
MOVE 527 POS 5 4 10 4 9 4 2 2 2 2 2 2 5 3 2 2 10 5 2 2
MOVE 528 POS 5 4 10 4 9 4 2 2 2 2 2 2 5 3 2 2 10 5 2 2
MOVE 529 POS 5 4 10 4 9 4 2 2 2 2 2 2 5 3 2 2 10 4 2 2
MOVE 530 POS 5 4 10 4 9 4 2 2 2 2 2 2 5 3 2 2 10 4 2 2
MOVE 531 POS 4 4 10 4 9 4 2 2 2 2 2 2 5 3 2 2 10 4 2 2
MOVE 532 POS 4 4 9 4 9 4 2 2 2 2 2 2 5 3 2 2 10 4 2 2
MOVE 533 POS 4 4 9 4 8 4 2 2 2 2 2 2 5 3 2 2 10 4 2 2
MOVE 534 POS 4 4 9 4 8 4 2 2 2 2 2 2 5 3 2 2 10 4 2 2
MOVE 535 POS 4 4 9 4 8 4 2 2 2 2 2 2 5 3 2 2 10 4 2 2
MOVE 536 POS 4 4 9 4 8 4 2 2 2 2 2 2 5 3 2 2 10 4 2 2
MOVE 537 POS 4 4 9 4 8 4 2 2 2 2 2 2 5 4 2 2 10 4 2 2
MOVE 538 POS 4 4 9 4 8 4 2 2 2 2 2 2 5 4 2 2 10 4 2 2
MOVE 539 POS 4 4 9 4 8 4 2 2 2 2 2 2 5 4 2 2 9 4 2 2
MOVE 540 POS 4 4 9 4 8 4 2 2 2 2 2 2 5 4 2 2 9 4 2 2
MOVE 541 POS 4 3 9 4 8 4 2 2 2 2 2 2 5 4 2 2 9 4 2 2
MOVE 542 POS 4 3 8 4 8 4 2 2 2 2 2 2 5 4 2 2 9 4 2 2
MOVE 543 POS 4 3 8 4 7 4 2 2 2 2 2 2 5 4 2 2 9 4 2 2
MOVE 544 POS 4 3 8 4 7 4 2 2 2 2 2 2 5 4 2 2 9 4 2 2
MOVE 545 POS 4 3 8 4 7 4 2 2 2 2 2 2 5 4 2 2 9 4 2 2
MOVE 546 POS 4 3 8 4 7 4 2 2 2 2 2 2 5 4 2 2 9 4 2 2
MOVE 547 POS 4 3 8 4 7 4 2 2 2 2 2 2 4 4 2 2 9 4 2 2
MOVE 548 POS 4 3 8 4 7 4 2 2 2 2 2 2 4 4 2 2 9 4 2 2
MOVE 549 POS 4 3 8 4 7 4 2 2 2 2 2 2 4 4 2 2 8 4 2 2
MOVE 550 POS 4 3 8 4 7 4 2 2 2 2 2 2 4 4 2 2 8 4 2 2
MOVE 551 POS 3 3 8 4 7 4 2 2 2 2 2 2 4 4 2 2 8 4 2 2
MOVE 552 POS 3 3 7 4 7 4 2 2 2 2 2 2 4 4 2 2 8 4 2 2
MOVE 553 POS 3 3 7 4 7 3 2 2 2 2 2 2 4 4 2 2 8 4 2 2
MOVE 554 POS 3 3 7 4 7 3 2 2 2 2 2 2 4 4 2 2 8 4 2 2
MOVE 555 POS 3 3 7 4 7 3 2 2 2 2 2 2 4 4 2 2 8 4 2 2
MOVE 556 POS 3 3 7 4 7 3 2 2 2 2 2 2 4 4 2 2 8 4 2 2
MOVE 557 POS 3 3 7 4 7 3 2 2 2 2 2 2 4 3 2 2 8 4 2 2
MOVE 558 POS 3 3 7 4 7 3 2 2 2 2 2 2 4 3 2 2 8 4 2 2
MOVE 559 POS 3 3 7 4 7 3 2 2 2 2 2 2 4 3 2 2 7 4 2 2
MOVE 560 POS 3 3 7 4 7 3 2 2 2 2 2 2 4 3 2 2 7 4 2 2
MOVE 561 POS 3 4 7 4 7 3 2 2 2 2 2 2 4 3 2 2 7 4 2 2
MOVE 562 POS 3 4 7 3 7 3 2 2 2 2 2 2 4 3 2 2 7 4 2 2
MOVE 563 POS 3 4 7 3 8 3 2 2 2 2 2 2 4 3 2 2 7 4 2 2
MOVE 564 POS 3 4 7 3 8 3 2 2 2 2 2 2 4 3 2 2 7 4 2 2
MOVE 565 POS 3 4 7 3 8 3 2 2 2 2 2 2 4 3 2 2 7 4 2 2
MOVE 566 POS 3 4 7 3 8 3 2 2 2 2 2 2 4 3 2 2 7 4 2 2
MOVE 567 POS 3 4 7 3 8 3 2 2 2 2 2 2 3 3 2 2 7 4 2 2
MOVE 568 POS 3 4 7 3 8 3 2 2 2 2 2 2 3 3 2 2 7 4 2 2
MOVE 569 POS 3 4 7 3 8 3 2 2 2 2 2 2 3 3 2 2 7 3 2 2
MOVE 570 POS 3 4 7 3 8 3 2 2 2 2 2 2 3 3 2 2 7 3 2 2
MOVE 571 POS 2 4 7 3 8 3 2 2 2 2 2 2 3 3 2 2 7 3 2 2
MOVE 572 POS 2 4 8 3 8 3 2 2 2 2 2 2 3 3 2 2 7 3 2 2
MOVE 573 POS 2 4 8 3 8 2 2 2 2 2 2 2 3 3 2 2 7 3 2 2
MOVE 574 POS 2 4 8 3 8 2 2 2 2 2 2 2 3 3 2 2 7 3 2 2
MOVE 575 POS 2 4 8 3 8 2 2 2 2 2 2 2 3 3 2 2 7 3 2 2
MOVE 576 POS 2 4 8 3 8 2 2 2 2 2 2 2 3 3 2 2 7 3 2 2
MOVE 577 POS 2 4 8 3 8 2 2 2 2 2 2 2 3 4 2 2 7 3 2 2
MOVE 578 POS 2 4 8 3 8 2 2 2 2 2 2 2 3 4 2 2 7 3 2 2
MOVE 579 POS 2 4 8 3 8 2 2 2 2 2 2 2 3 4 2 2 8 3 2 2
MOVE 580 POS 2 4 8 3 8 2 2 2 2 2 2 2 3 4 2 2 8 3 2 2
MOVE 581 POS 2 3 8 3 8 2 2 2 2 2 2 2 3 4 2 2 8 3 2 2
MOVE 582 POS 2 3 8 2 8 2 2 2 2 2 2 2 3 4 2 2 8 3 2 2
MOVE 583 POS 2 3 8 2 8 1 2 2 2 2 2 2 3 4 2 2 8 3 2 2
MOVE 584 POS 2 3 8 2 8 1 2 2 2 2 2 2 3 4 2 2 8 3 2 2
MOVE 585 POS 2 3 8 2 8 1 2 2 2 2 2 2 3 4 2 2 8 3 2 2
MOVE 586 POS 2 3 8 2 8 1 2 2 2 2 2 2 3 4 2 2 8 3 2 2
MOVE 587 POS 2 3 8 2 8 1 2 2 2 2 2 2 2 4 2 2 8 3 2 2
MOVE 588 POS 2 3 8 2 8 1 2 2 2 2 2 2 2 4 2 2 8 3 2 2
MOVE 589 POS 2 3 8 2 8 1 2 2 2 2 2 2 2 4 2 2 8 2 2 2
MOVE 590 POS 2 3 8 2 8 1 2 2 2 2 2 2 2 4 2 2 8 2 2 2
MOVE 591 POS 1 3 8 2 8 1 2 2 2 2 2 2 2 4 2 2 8 2 2 2
MOVE 592 POS 1 3 8 1 8 1 2 2 2 2 2 2 2 4 2 2 8 2 2 2
MOVE 593 POS 1 3 8 1 8 0 2 2 2 2 2 2 2 4 2 2 8 2 2 2
MOVE 594 POS 1 3 8 1 8 0 2 2 2 2 2 2 2 4 2 2 8 2 2 2
MOVE 595 POS 1 3 8 1 8 0 2 2 2 2 2 2 2 4 2 2 8 2 2 2
MOVE 596 POS 1 3 8 1 8 0 2 2 2 2 2 2 2 4 2 2 8 2 2 2
MOVE 597 POS 1 3 8 1 8 0 2 2 2 2 2 2 2 3 2 2 8 2 2 2
MOVE 598 POS 1 3 8 1 8 0 2 2 2 2 2 2 2 3 2 2 8 2 2 2
MOVE 599 POS 1 3 8 1 8 0 2 2 2 2 2 2 2 3 2 2 8 1 2 2
MOVE 600 POS 1 3 8 1 8 0 2 2 2 2 2 2 2 3 2 2 8 1 2 2
MOVE 601 POS 1 4 8 1 8 0 2 2 2 2 2 2 2 3 2 2 8 1 2 2
MOVE 602 POS 1 4 8 0 8 0 2 2 2 2 2 2 2 3 2 2 8 1 2 2
MOVE 603 POS 1 4 8 0 7 0 2 2 2 2 2 2 2 3 2 2 8 1 2 2
MOVE 604 POS 1 4 8 0 7 0 2 2 2 2 2 2 2 3 2 2 8 1 2 2
MOVE 605 POS 1 4 8 0 7 0 2 2 2 2 2 2 2 3 2 2 8 1 2 2
MOVE 606 POS 1 4 8 0 7 0 2 2 2 2 2 2 2 3 2 2 8 1 2 2
MOVE 607 POS 1 4 8 0 7 0 2 2 2 2 2 2 1 3 2 2 8 1 2 2
MOVE 608 POS 1 4 8 0 7 0 2 2 2 2 2 2 1 3 2 2 8 1 2 2
MOVE 609 POS 1 4 8 0 7 0 2 2 2 2 2 2 1 3 2 2 8 0 2 2
MOVE 610 POS 1 4 8 0 7 0 2 2 2 2 2 2 1 3 2 2 8 0 2 2
MOVE 611 POS 0 4 8 0 7 0 2 2 2 2 2 2 1 3 2 2 8 0 2 2
MOVE 612 POS 0 4 7 0 7 0 2 2 2 2 2 2 1 3 2 2 8 0 2 2
MOVE 613 POS 0 4 7 0 6 0 2 2 2 2 2 2 1 3 2 2 8 0 2 2
MOVE 614 POS 0 4 7 0 6 0 2 2 2 2 2 2 1 3 2 2 8 0 2 2
MOVE 615 POS 0 4 7 0 6 0 2 2 2 2 2 2 1 3 2 2 8 0 2 2
MOVE 616 POS 0 4 7 0 6 0 2 2 2 2 2 2 1 3 2 2 8 0 2 2
MOVE 617 POS 0 4 7 0 6 0 2 2 2 2 2 2 1 4 2 2 8 0 2 2
MOVE 618 POS 0 4 7 0 6 0 2 2 2 2 2 2 1 4 2 2 8 0 2 2
MOVE 619 POS 0 4 7 0 6 0 2 2 2 2 2 2 1 4 2 2 7 0 2 2
MOVE 620 POS 0 4 7 0 6 0 2 2 2 2 2 2 1 4 2 2 7 0 2 2
MOVE 621 POS 0 3 7 0 6 0 2 2 2 2 2 2 1 4 2 2 7 0 2 2
MOVE 622 POS 0 3 6 0 6 0 2 2 2 2 2 2 1 4 2 2 7 0 2 2
MOVE 623 POS 0 3 6 0 6 1 2 2 2 2 2 2 1 4 2 2 7 0 2 2
MOVE 624 POS 0 3 6 0 6 1 2 2 2 2 2 2 1 4 2 2 7 0 2 2
MOVE 625 POS 0 3 6 0 6 1 2 2 2 2 2 2 1 4 2 2 7 0 2 2
MOVE 626 POS 0 3 6 0 6 1 2 2 2 2 2 2 1 4 2 2 7 0 2 2
MOVE 627 POS 0 3 6 0 6 1 2 2 2 2 2 2 0 4 2 2 7 0 2 2
MOVE 628 POS 0 3 6 0 6 1 2 2 2 2 2 2 0 4 2 2 7 0 2 2
MOVE 629 POS 0 3 6 0 6 1 2 2 2 2 2 2 0 4 2 2 6 0 2 2
MOVE 630 POS 0 3 6 0 6 1 2 2 2 2 2 2 0 4 2 2 6 0 2 2
MOVE 631 POS 0 2 6 0 6 1 2 2 2 2 2 2 0 4 2 2 6 0 2 2
MOVE 632 POS 0 2 6 1 6 1 2 2 2 2 2 2 0 4 2 2 6 0 2 2
MOVE 633 POS 0 2 6 1 6 2 2 2 2 2 2 2 0 4 2 2 6 0 2 2
MOVE 634 POS 0 2 6 1 6 2 2 2 2 2 2 2 0 4 2 2 6 0 2 2
MOVE 635 POS 0 2 6 1 6 2 2 2 2 2 2 2 0 4 2 2 6 0 2 2
MOVE 636 POS 0 2 6 1 6 2 2 2 2 2 2 2 0 4 2 2 6 0 2 2
MOVE 637 POS 0 2 6 1 6 2 2 2 2 2 2 2 0 3 2 2 6 0 2 2
MOVE 638 POS 0 2 6 1 6 2 2 2 2 2 2 2 0 3 2 2 6 0 2 2
MOVE 639 POS 0 2 6 1 6 2 2 2 2 2 2 2 0 3 2 2 6 1 2 2
MOVE 640 POS 0 2 6 1 6 2 2 2 2 2 2 2 0 3 2 2 6 1 2 2
MOVE 641 POS 1 2 6 1 6 2 2 2 2 2 2 2 0 3 2 2 6 1 2 2
MOVE 642 POS 1 2 6 2 6 2 2 2 2 2 2 2 0 3 2 2 6 1 2 2
MOVE 643 POS 1 2 6 2 5 2 2 2 2 2 2 2 0 3 2 2 6 1 2 2
MOVE 644 POS 1 2 6 2 5 2 2 2 2 2 2 2 0 3 2 2 6 1 2 2
MOVE 645 POS 1 2 6 2 5 2 2 2 2 2 2 2 0 3 2 2 6 1 2 2
MOVE 646 POS 1 2 6 2 5 2 2 2 2 2 2 2 0 3 2 2 6 1 2 2
MOVE 647 POS 1 2 6 2 5 2 2 2 2 2 2 2 0 2 2 2 6 1 2 2
MOVE 648 POS 1 2 6 2 5 2 2 2 2 2 2 2 0 2 2 2 6 1 2 2
MOVE 649 POS 1 2 6 2 5 2 2 2 2 2 2 2 0 2 2 2 6 2 2 2
MOVE 650 POS 1 2 6 2 5 2 2 2 2 2 2 2 0 2 2 2 6 2 2 2
MOVE 651 POS 2 2 6 2 5 2 2 2 2 2 2 2 0 2 2 2 6 2 2 2
MOVE 652 POS 2 2 5 2 5 2 2 2 2 2 2 2 0 2 2 2 6 2 2 2
MOVE 653 POS 2 2 5 2 4 2 2 2 2 2 2 2 0 2 2 2 6 2 2 2
MOVE 654 POS 2 2 5 2 4 2 2 2 2 2 2 2 0 2 2 2 6 2 2 2
MOVE 655 POS 2 2 5 2 4 2 2 2 2 2 2 2 0 2 2 2 6 2 2 2
MOVE 656 POS 2 2 5 2 4 2 2 2 2 2 2 2 0 2 2 2 6 2 2 2
MOVE 657 POS 2 2 5 2 4 2 2 2 2 2 2 2 1 2 2 2 6 2 2 2
MOVE 658 POS 2 2 5 2 4 2 2 2 2 2 2 2 1 2 2 2 6 2 2 2
MOVE 659 POS 2 2 5 2 4 2 2 2 2 2 2 2 1 2 2 2 5 2 2 2
MOVE 660 POS 2 2 5 2 4 2 2 2 2 2 2 2 1 2 2 2 5 2 2 2
MOVE 661 POS 2 2 5 2 4 2 2 2 2 2 2 2 1 2 2 2 5 2 2 2
MOVE 662 POS 2 2 4 2 4 2 2 2 2 2 2 2 1 2 2 2 5 2 2 2
MOVE 663 POS 2 2 4 2 3 2 2 2 2 2 2 2 1 2 2 2 5 2 2 2
MOVE 664 POS 2 2 4 2 3 2 2 2 2 2 2 2 1 2 2 2 5 2 2 2
MOVE 665 POS 2 2 4 2 3 2 2 2 2 2 2 2 1 2 2 2 5 2 2 2
MOVE 666 POS 2 2 4 2 3 2 2 2 2 2 2 2 1 2 2 2 5 2 2 2
MOVE 667 POS 2 2 4 2 3 2 2 2 2 2 2 2 2 2 2 2 5 2 2 2
MOVE 668 POS 2 2 4 2 3 2 2 2 2 2 2 2 2 2 2 2 5 2 2 2
MOVE 669 POS 2 2 4 2 3 2 2 2 2 2 2 2 2 2 2 2 4 2 2 2
MOVE 670 POS 2 2 4 2 3 2 2 2 2 2 2 2 2 2 2 2 4 2 2 2
MOVE 671 POS 2 2 4 2 3 2 2 2 2 2 2 2 2 2 2 2 4 2 2 2
MOVE 672 POS 2 2 3 2 3 2 2 2 2 2 2 2 2 2 2 2 4 2 2 2
MOVE 673 POS 2 2 3 2 3 1 2 2 2 2 2 2 2 2 2 2 4 2 2 2
MOVE 674 POS 2 2 3 2 3 1 2 2 2 2 2 2 2 2 2 2 4 2 2 2
MOVE 675 POS 2 2 3 2 3 1 2 2 2 2 2 2 2 2 2 2 4 2 2 2
MOVE 676 POS 2 2 3 2 3 1 2 2 2 2 2 2 2 2 2 2 4 2 2 2
MOVE 677 POS 2 2 3 2 3 1 2 2 2 2 2 2 2 2 2 2 4 2 2 2
MOVE 678 POS 2 2 3 2 3 1 2 2 2 2 2 2 2 2 2 2 4 2 2 2
MOVE 679 POS 2 2 3 2 3 1 2 2 2 2 2 2 2 2 2 2 3 2 2 2
MOVE 680 POS 2 2 3 2 3 1 2 2 2 2 2 2 2 2 2 2 3 2 2 2
MOVE 681 POS 2 2 3 2 3 1 2 2 2 2 2 2 2 2 2 2 3 2 2 2
MOVE 682 POS 2 2 3 1 3 1 2 2 2 2 2 2 2 2 2 2 3 2 2 2
MOVE 683 POS 2 2 3 1 2 1 2 2 2 2 2 2 2 2 2 2 3 2 2 2
MOVE 684 POS 2 2 3 1 2 1 2 2 2 2 2 2 2 2 2 2 3 2 2 2
MOVE 685 POS 2 2 3 1 2 1 2 2 2 2 2 2 2 2 2 2 3 2 2 2
MOVE 686 POS 2 2 3 1 2 1 2 2 2 2 2 2 2 2 2 2 3 2 2 2
MOVE 687 POS 2 2 3 1 2 1 2 2 2 2 2 2 2 2 2 2 3 2 2 2
MOVE 688 POS 2 2 3 1 2 1 2 2 2 2 2 2 2 2 2 2 3 2 2 2
MOVE 689 POS 2 2 3 1 2 1 2 2 2 2 2 2 2 2 2 2 3 1 2 2
MOVE 690 POS 2 2 3 1 2 1 2 2 2 2 2 2 2 2 2 2 3 1 2 2
MOVE 691 POS 2 2 3 1 2 1 2 2 2 2 2 2 2 2 2 2 3 1 2 2
MOVE 692 POS 2 2 2 1 2 1 2 2 2 2 2 2 2 2 2 2 3 1 2 2
MOVE 693 POS 2 2 2 1 2 2 2 2 2 2 2 2 2 2 2 2 3 1 2 2
MOVE 694 POS 2 2 2 1 2 2 2 2 2 2 2 2 2 2 2 2 3 1 2 2
MOVE 695 POS 2 2 2 1 2 2 2 2 2 2 2 2 2 2 2 2 3 1 2 2
MOVE 696 POS 2 2 2 1 2 2 2 2 2 2 2 2 2 2 2 2 3 1 2 2
MOVE 697 POS 2 2 2 1 2 2 2 2 2 2 2 2 2 2 2 2 3 1 2 2
MOVE 698 POS 2 2 2 1 2 2 2 2 2 2 2 2 2 2 2 2 3 1 2 2
MOVE 699 POS 2 2 2 1 2 2 2 2 2 2 2 2 2 2 2 2 2 1 2 2
MOVE 700 POS 2 2 2 1 2 2 2 2 2 2 2 2 2 2 2 2 2 1 2 2
MOVE 701 POS 2 2 2 1 2 2 2 2 2 2 2 2 2 2 2 2 2 1 2 2
MOVE 702 POS 2 2 2 2 2 2 2 2 2 2 2 2 2 2 2 2 2 1 2 2
MOVE 703 POS 2 2 2 2 2 2 2 2 2 2 2 2 2 2 2 2 2 1 2 2
MOVE 704 POS 2 2 2 2 2 2 2 2 2 2 2 2 2 2 2 2 2 1 2 2
MOVE 705 POS 2 2 2 2 2 2 2 2 2 2 2 2 2 2 2 2 2 1 2 2
MOVE 706 POS 2 2 2 2 2 2 2 2 2 2 2 2 2 2 2 2 2 1 2 2
MOVE 707 POS 2 2 2 2 2 2 2 2 2 2 2 2 2 2 2 2 2 1 2 2
MOVE 708 POS 2 2 2 2 2 2 2 2 2 2 2 2 2 2 2 2 2 1 2 2
MAZE SOLVED: DIFFICULTY 2 AVATARS 10 MOVES 708 HASH bdfe51d8
